<?xml version="1.0" encoding="UTF-8"?>
<testsuite xmlns:xsi="http://www.w3.org/2001/XMLSchema-instance" xsi:noNamespaceSchemaLocation="https://maven.apache.org/surefire/maven-surefire-plugin/xsd/surefire-test-report.xsd" name="com.example.sstest.service.impl.RoleServiceImplTest" time="0.111" tests="1" errors="0" skipped="0" failures="0">
  <properties>
    <property name="sun.desktop" value="windows"/>
    <property name="awt.toolkit" value="sun.awt.windows.WToolkit"/>
    <property name="file.encoding.pkg" value="sun.io"/>
    <property name="java.specification.version" value="1.8"/>
    <property name="sun.cpu.isalist" value="amd64"/>
    <property name="sun.jnu.encoding" value="GBK"/>
    <property name="java.class.path" value="E:\cms-dev\cms-server\target\test-classes;E:\cms-dev\cms-server\target\classes;D:\maven\maven-repository\org\springframework\boot\spring-boot-starter-web\2.6.5\spring-boot-starter-web-2.6.5.jar;D:\maven\maven-repository\org\springframework\boot\spring-boot-starter\2.6.5\spring-boot-starter-2.6.5.jar;D:\maven\maven-repository\org\springframework\boot\spring-boot-starter-logging\2.6.5\spring-boot-starter-logging-2.6.5.jar;D:\maven\maven-repository\ch\qos\logback\logback-classic\1.2.11\logback-classic-1.2.11.jar;D:\maven\maven-repository\ch\qos\logback\logback-core\1.2.11\logback-core-1.2.11.jar;D:\maven\maven-repository\org\apache\logging\log4j\log4j-to-slf4j\2.17.2\log4j-to-slf4j-2.17.2.jar;D:\maven\maven-repository\org\apache\logging\log4j\log4j-api\2.17.2\log4j-api-2.17.2.jar;D:\maven\maven-repository\org\slf4j\jul-to-slf4j\1.7.36\jul-to-slf4j-1.7.36.jar;D:\maven\maven-repository\jakarta\annotation\jakarta.annotation-api\1.3.5\jakarta.annotation-api-1.3.5.jar;D:\maven\maven-repository\org\yaml\snakeyaml\1.29\snakeyaml-1.29.jar;D:\maven\maven-repository\org\springframework\boot\spring-boot-starter-json\2.6.5\spring-boot-starter-json-2.6.5.jar;D:\maven\maven-repository\com\fasterxml\jackson\datatype\jackson-datatype-jdk8\2.13.2\jackson-datatype-jdk8-2.13.2.jar;D:\maven\maven-repository\com\fasterxml\jackson\datatype\jackson-datatype-jsr310\2.13.2\jackson-datatype-jsr310-2.13.2.jar;D:\maven\maven-repository\com\fasterxml\jackson\module\jackson-module-parameter-names\2.13.2\jackson-module-parameter-names-2.13.2.jar;D:\maven\maven-repository\org\springframework\boot\spring-boot-starter-tomcat\2.6.5\spring-boot-starter-tomcat-2.6.5.jar;D:\maven\maven-repository\org\apache\tomcat\embed\tomcat-embed-core\9.0.60\tomcat-embed-core-9.0.60.jar;D:\maven\maven-repository\org\apache\tomcat\embed\tomcat-embed-el\9.0.60\tomcat-embed-el-9.0.60.jar;D:\maven\maven-repository\org\apache\tomcat\embed\tomcat-embed-websocket\9.0.60\tomcat-embed-websocket-9.0.60.jar;D:\maven\maven-repository\org\springframework\spring-web\5.3.17\spring-web-5.3.17.jar;D:\maven\maven-repository\org\springframework\spring-beans\5.3.17\spring-beans-5.3.17.jar;D:\maven\maven-repository\org\springframework\spring-webmvc\5.3.17\spring-webmvc-5.3.17.jar;D:\maven\maven-repository\org\springframework\spring-context\5.3.17\spring-context-5.3.17.jar;D:\maven\maven-repository\org\springframework\spring-expression\5.3.17\spring-expression-5.3.17.jar;D:\maven\maven-repository\org\springframework\boot\spring-boot-starter-security\2.6.5\spring-boot-starter-security-2.6.5.jar;D:\maven\maven-repository\org\springframework\spring-aop\5.3.17\spring-aop-5.3.17.jar;D:\maven\maven-repository\org\springframework\security\spring-security-config\5.6.2\spring-security-config-5.6.2.jar;D:\maven\maven-repository\org\springframework\security\spring-security-core\5.6.2\spring-security-core-5.6.2.jar;D:\maven\maven-repository\org\springframework\security\spring-security-crypto\5.6.2\spring-security-crypto-5.6.2.jar;D:\maven\maven-repository\org\springframework\security\spring-security-web\5.6.2\spring-security-web-5.6.2.jar;D:\maven\maven-repository\org\springframework\boot\spring-boot-devtools\2.6.5\spring-boot-devtools-2.6.5.jar;D:\maven\maven-repository\org\springframework\boot\spring-boot\2.6.5\spring-boot-2.6.5.jar;D:\maven\maven-repository\org\springframework\boot\spring-boot-autoconfigure\2.6.5\spring-boot-autoconfigure-2.6.5.jar;D:\maven\maven-repository\org\springframework\boot\spring-boot-configuration-processor\2.6.5\spring-boot-configuration-processor-2.6.5.jar;D:\maven\maven-repository\mysql\mysql-connector-java\8.0.16\mysql-connector-java-8.0.16.jar;D:\maven\maven-repository\com\baomidou\mybatis-plus-boot-starter\3.5.1\mybatis-plus-boot-starter-3.5.1.jar;D:\maven\maven-repository\com\baomidou\mybatis-plus\3.5.1\mybatis-plus-3.5.1.jar;D:\maven\maven-repository\com\baomidou\mybatis-plus-extension\3.5.1\mybatis-plus-extension-3.5.1.jar;D:\maven\maven-repository\com\baomidou\mybatis-plus-core\3.5.1\mybatis-plus-core-3.5.1.jar;D:\maven\maven-repository\com\baomidou\mybatis-plus-annotation\3.5.1\mybatis-plus-annotation-3.5.1.jar;D:\maven\maven-repository\com\github\jsqlparser\jsqlparser\4.3\jsqlparser-4.3.jar;D:\maven\maven-repository\org\mybatis\mybatis\3.5.9\mybatis-3.5.9.jar;D:\maven\maven-repository\org\mybatis\mybatis-spring\2.0.6\mybatis-spring-2.0.6.jar;D:\maven\maven-repository\org\springframework\boot\spring-boot-starter-jdbc\2.6.5\spring-boot-starter-jdbc-2.6.5.jar;D:\maven\maven-repository\com\zaxxer\HikariCP\4.0.3\HikariCP-4.0.3.jar;D:\maven\maven-repository\org\springframework\spring-jdbc\5.3.17\spring-jdbc-5.3.17.jar;D:\maven\maven-repository\org\springframework\boot\spring-boot-starter-data-redis\2.6.5\spring-boot-starter-data-redis-2.6.5.jar;D:\maven\maven-repository\org\springframework\data\spring-data-redis\2.6.3\spring-data-redis-2.6.3.jar;D:\maven\maven-repository\org\springframework\data\spring-data-keyvalue\2.6.3\spring-data-keyvalue-2.6.3.jar;D:\maven\maven-repository\org\springframework\data\spring-data-commons\2.6.3\spring-data-commons-2.6.3.jar;D:\maven\maven-repository\org\springframework\spring-tx\5.3.17\spring-tx-5.3.17.jar;D:\maven\maven-repository\org\springframework\spring-oxm\5.3.17\spring-oxm-5.3.17.jar;D:\maven\maven-repository\org\springframework\spring-context-support\5.3.17\spring-context-support-5.3.17.jar;D:\maven\maven-repository\io\lettuce\lettuce-core\6.1.8.RELEASE\lettuce-core-6.1.8.RELEASE.jar;D:\maven\maven-repository\io\netty\netty-common\4.1.75.Final\netty-common-4.1.75.Final.jar;D:\maven\maven-repository\io\netty\netty-handler\4.1.75.Final\netty-handler-4.1.75.Final.jar;D:\maven\maven-repository\io\netty\netty-resolver\4.1.75.Final\netty-resolver-4.1.75.Final.jar;D:\maven\maven-repository\io\netty\netty-buffer\4.1.75.Final\netty-buffer-4.1.75.Final.jar;D:\maven\maven-repository\io\netty\netty-codec\4.1.75.Final\netty-codec-4.1.75.Final.jar;D:\maven\maven-repository\io\netty\netty-transport\4.1.75.Final\netty-transport-4.1.75.Final.jar;D:\maven\maven-repository\io\projectreactor\reactor-core\3.4.16\reactor-core-3.4.16.jar;D:\maven\maven-repository\org\reactivestreams\reactive-streams\1.0.3\reactive-streams-1.0.3.jar;D:\maven\maven-repository\com\alibaba\fastjson\1.2.83\fastjson-1.2.83.jar;D:\maven\maven-repository\io\jsonwebtoken\jjwt\0.9.1\jjwt-0.9.1.jar;D:\maven\maven-repository\com\fasterxml\jackson\core\jackson-databind\2.13.2\jackson-databind-2.13.2.jar;D:\maven\maven-repository\com\fasterxml\jackson\core\jackson-annotations\2.13.2\jackson-annotations-2.13.2.jar;D:\maven\maven-repository\com\fasterxml\jackson\core\jackson-core\2.13.2\jackson-core-2.13.2.jar;D:\maven\maven-repository\org\projectlombok\lombok\1.18.22\lombok-1.18.22.jar;D:\maven\maven-repository\org\springframework\boot\spring-boot-starter-test\2.6.5\spring-boot-starter-test-2.6.5.jar;D:\maven\maven-repository\org\springframework\boot\spring-boot-test\2.6.5\spring-boot-test-2.6.5.jar;D:\maven\maven-repository\org\springframework\boot\spring-boot-test-autoconfigure\2.6.5\spring-boot-test-autoconfigure-2.6.5.jar;D:\maven\maven-repository\com\jayway\jsonpath\json-path\2.6.0\json-path-2.6.0.jar;D:\maven\maven-repository\net\minidev\json-smart\2.4.8\json-smart-2.4.8.jar;D:\maven\maven-repository\net\minidev\accessors-smart\2.4.8\accessors-smart-2.4.8.jar;D:\maven\maven-repository\org\ow2\asm\asm\9.1\asm-9.1.jar;D:\maven\maven-repository\jakarta\xml\bind\jakarta.xml.bind-api\2.3.3\jakarta.xml.bind-api-2.3.3.jar;D:\maven\maven-repository\jakarta\activation\jakarta.activation-api\1.2.2\jakarta.activation-api-1.2.2.jar;D:\maven\maven-repository\org\assertj\assertj-core\3.21.0\assertj-core-3.21.0.jar;D:\maven\maven-repository\org\hamcrest\hamcrest\2.2\hamcrest-2.2.jar;D:\maven\maven-repository\org\junit\jupiter\junit-jupiter\5.8.2\junit-jupiter-5.8.2.jar;D:\maven\maven-repository\org\junit\jupiter\junit-jupiter-api\5.8.2\junit-jupiter-api-5.8.2.jar;D:\maven\maven-repository\org\opentest4j\opentest4j\1.2.0\opentest4j-1.2.0.jar;D:\maven\maven-repository\org\junit\platform\junit-platform-commons\1.8.2\junit-platform-commons-1.8.2.jar;D:\maven\maven-repository\org\apiguardian\apiguardian-api\1.1.2\apiguardian-api-1.1.2.jar;D:\maven\maven-repository\org\junit\jupiter\junit-jupiter-params\5.8.2\junit-jupiter-params-5.8.2.jar;D:\maven\maven-repository\org\junit\jupiter\junit-jupiter-engine\5.8.2\junit-jupiter-engine-5.8.2.jar;D:\maven\maven-repository\org\junit\platform\junit-platform-engine\1.8.2\junit-platform-engine-1.8.2.jar;D:\maven\maven-repository\org\mockito\mockito-core\4.0.0\mockito-core-4.0.0.jar;D:\maven\maven-repository\net\bytebuddy\byte-buddy\1.11.22\byte-buddy-1.11.22.jar;D:\maven\maven-repository\net\bytebuddy\byte-buddy-agent\1.11.22\byte-buddy-agent-1.11.22.jar;D:\maven\maven-repository\org\objenesis\objenesis\3.2\objenesis-3.2.jar;D:\maven\maven-repository\org\mockito\mockito-junit-jupiter\4.0.0\mockito-junit-jupiter-4.0.0.jar;D:\maven\maven-repository\org\skyscreamer\jsonassert\1.5.0\jsonassert-1.5.0.jar;D:\maven\maven-repository\com\vaadin\external\google\android-json\0.0.20131108.vaadin1\android-json-0.0.20131108.vaadin1.jar;D:\maven\maven-repository\org\springframework\spring-core\5.3.17\spring-core-5.3.17.jar;D:\maven\maven-repository\org\springframework\spring-jcl\5.3.17\spring-jcl-5.3.17.jar;D:\maven\maven-repository\org\springframework\spring-test\5.3.17\spring-test-5.3.17.jar;D:\maven\maven-repository\org\xmlunit\xmlunit-core\2.8.4\xmlunit-core-2.8.4.jar;D:\maven\maven-repository\com\qcloud\cos_api\5.6.8\cos_api-5.6.8.jar;D:\maven\maven-repository\org\apache\httpcomponents\httpclient\4.5.13\httpclient-4.5.13.jar;D:\maven\maven-repository\org\apache\httpcomponents\httpcore\4.4.15\httpcore-4.4.15.jar;D:\maven\maven-repository\org\slf4j\slf4j-api\1.7.36\slf4j-api-1.7.36.jar;D:\maven\maven-repository\commons-codec\commons-codec\1.15\commons-codec-1.15.jar;D:\maven\maven-repository\joda-time\joda-time\2.9.9\joda-time-2.9.9.jar;D:\maven\maven-repository\org\bouncycastle\bcprov-jdk15on\1.59\bcprov-jdk15on-1.59.jar;D:\maven\maven-repository\com\aizuda\aizuda-monitor\1.0.0\aizuda-monitor-1.0.0.jar;D:\maven\maven-repository\com\aizuda\aizuda-toolkit\0.0.1\aizuda-toolkit-0.0.1.jar;D:\maven\maven-repository\com\github\oshi\oshi-core\6.1.4\oshi-core-6.1.4.jar;D:\maven\maven-repository\net\java\dev\jna\jna\5.10.0\jna-5.10.0.jar;D:\maven\maven-repository\net\java\dev\jna\jna-platform\5.10.0\jna-platform-5.10.0.jar;D:\maven\maven-repository\com\github\penggle\kaptcha\2.3.2\kaptcha-2.3.2.jar;D:\maven\maven-repository\javax\servlet\javax.servlet-api\4.0.1\javax.servlet-api-4.0.1.jar;D:\maven\maven-repository\com\jhlabs\filters\2.0.235-1\filters-2.0.235-1.jar;"/>
    <property name="java.vm.vendor" value="Amazon.com Inc."/>
    <property name="sun.arch.data.model" value="64"/>
    <property name="user.variant" value=""/>
    <property name="java.vendor.url" value="https://aws.amazon.com/corretto/"/>
    <property name="user.timezone" value="Asia/Shanghai"/>
    <property name="java.vm.specification.version" value="1.8"/>
    <property name="os.name" value="Windows 10"/>
    <property name="user.country" value="CN"/>
    <property name="sun.java.launcher" value="SUN_STANDARD"/>
    <property name="sun.boot.library.path" value="C:\Users\泗安\.jdks\corretto-1.8.0_322\jre\bin"/>
    <property name="sun.java.command" value="C:\Users\泗安\AppData\Local\Temp\surefire1528746011452917442\surefirebooter7683064880756075476.jar C:\Users\泗安\AppData\Local\Temp\surefire1528746011452917442 2023-02-24T18-26-34_499-jvmRun1 surefire3647609507701809612tmp surefire_01687721330133529487tmp"/>
    <property name="surefire.test.class.path" value="E:\cms-dev\cms-server\target\test-classes;E:\cms-dev\cms-server\target\classes;D:\maven\maven-repository\org\springframework\boot\spring-boot-starter-web\2.6.5\spring-boot-starter-web-2.6.5.jar;D:\maven\maven-repository\org\springframework\boot\spring-boot-starter\2.6.5\spring-boot-starter-2.6.5.jar;D:\maven\maven-repository\org\springframework\boot\spring-boot-starter-logging\2.6.5\spring-boot-starter-logging-2.6.5.jar;D:\maven\maven-repository\ch\qos\logback\logback-classic\1.2.11\logback-classic-1.2.11.jar;D:\maven\maven-repository\ch\qos\logback\logback-core\1.2.11\logback-core-1.2.11.jar;D:\maven\maven-repository\org\apache\logging\log4j\log4j-to-slf4j\2.17.2\log4j-to-slf4j-2.17.2.jar;D:\maven\maven-repository\org\apache\logging\log4j\log4j-api\2.17.2\log4j-api-2.17.2.jar;D:\maven\maven-repository\org\slf4j\jul-to-slf4j\1.7.36\jul-to-slf4j-1.7.36.jar;D:\maven\maven-repository\jakarta\annotation\jakarta.annotation-api\1.3.5\jakarta.annotation-api-1.3.5.jar;D:\maven\maven-repository\org\yaml\snakeyaml\1.29\snakeyaml-1.29.jar;D:\maven\maven-repository\org\springframework\boot\spring-boot-starter-json\2.6.5\spring-boot-starter-json-2.6.5.jar;D:\maven\maven-repository\com\fasterxml\jackson\datatype\jackson-datatype-jdk8\2.13.2\jackson-datatype-jdk8-2.13.2.jar;D:\maven\maven-repository\com\fasterxml\jackson\datatype\jackson-datatype-jsr310\2.13.2\jackson-datatype-jsr310-2.13.2.jar;D:\maven\maven-repository\com\fasterxml\jackson\module\jackson-module-parameter-names\2.13.2\jackson-module-parameter-names-2.13.2.jar;D:\maven\maven-repository\org\springframework\boot\spring-boot-starter-tomcat\2.6.5\spring-boot-starter-tomcat-2.6.5.jar;D:\maven\maven-repository\org\apache\tomcat\embed\tomcat-embed-core\9.0.60\tomcat-embed-core-9.0.60.jar;D:\maven\maven-repository\org\apache\tomcat\embed\tomcat-embed-el\9.0.60\tomcat-embed-el-9.0.60.jar;D:\maven\maven-repository\org\apache\tomcat\embed\tomcat-embed-websocket\9.0.60\tomcat-embed-websocket-9.0.60.jar;D:\maven\maven-repository\org\springframework\spring-web\5.3.17\spring-web-5.3.17.jar;D:\maven\maven-repository\org\springframework\spring-beans\5.3.17\spring-beans-5.3.17.jar;D:\maven\maven-repository\org\springframework\spring-webmvc\5.3.17\spring-webmvc-5.3.17.jar;D:\maven\maven-repository\org\springframework\spring-context\5.3.17\spring-context-5.3.17.jar;D:\maven\maven-repository\org\springframework\spring-expression\5.3.17\spring-expression-5.3.17.jar;D:\maven\maven-repository\org\springframework\boot\spring-boot-starter-security\2.6.5\spring-boot-starter-security-2.6.5.jar;D:\maven\maven-repository\org\springframework\spring-aop\5.3.17\spring-aop-5.3.17.jar;D:\maven\maven-repository\org\springframework\security\spring-security-config\5.6.2\spring-security-config-5.6.2.jar;D:\maven\maven-repository\org\springframework\security\spring-security-core\5.6.2\spring-security-core-5.6.2.jar;D:\maven\maven-repository\org\springframework\security\spring-security-crypto\5.6.2\spring-security-crypto-5.6.2.jar;D:\maven\maven-repository\org\springframework\security\spring-security-web\5.6.2\spring-security-web-5.6.2.jar;D:\maven\maven-repository\org\springframework\boot\spring-boot-devtools\2.6.5\spring-boot-devtools-2.6.5.jar;D:\maven\maven-repository\org\springframework\boot\spring-boot\2.6.5\spring-boot-2.6.5.jar;D:\maven\maven-repository\org\springframework\boot\spring-boot-autoconfigure\2.6.5\spring-boot-autoconfigure-2.6.5.jar;D:\maven\maven-repository\org\springframework\boot\spring-boot-configuration-processor\2.6.5\spring-boot-configuration-processor-2.6.5.jar;D:\maven\maven-repository\mysql\mysql-connector-java\8.0.16\mysql-connector-java-8.0.16.jar;D:\maven\maven-repository\com\baomidou\mybatis-plus-boot-starter\3.5.1\mybatis-plus-boot-starter-3.5.1.jar;D:\maven\maven-repository\com\baomidou\mybatis-plus\3.5.1\mybatis-plus-3.5.1.jar;D:\maven\maven-repository\com\baomidou\mybatis-plus-extension\3.5.1\mybatis-plus-extension-3.5.1.jar;D:\maven\maven-repository\com\baomidou\mybatis-plus-core\3.5.1\mybatis-plus-core-3.5.1.jar;D:\maven\maven-repository\com\baomidou\mybatis-plus-annotation\3.5.1\mybatis-plus-annotation-3.5.1.jar;D:\maven\maven-repository\com\github\jsqlparser\jsqlparser\4.3\jsqlparser-4.3.jar;D:\maven\maven-repository\org\mybatis\mybatis\3.5.9\mybatis-3.5.9.jar;D:\maven\maven-repository\org\mybatis\mybatis-spring\2.0.6\mybatis-spring-2.0.6.jar;D:\maven\maven-repository\org\springframework\boot\spring-boot-starter-jdbc\2.6.5\spring-boot-starter-jdbc-2.6.5.jar;D:\maven\maven-repository\com\zaxxer\HikariCP\4.0.3\HikariCP-4.0.3.jar;D:\maven\maven-repository\org\springframework\spring-jdbc\5.3.17\spring-jdbc-5.3.17.jar;D:\maven\maven-repository\org\springframework\boot\spring-boot-starter-data-redis\2.6.5\spring-boot-starter-data-redis-2.6.5.jar;D:\maven\maven-repository\org\springframework\data\spring-data-redis\2.6.3\spring-data-redis-2.6.3.jar;D:\maven\maven-repository\org\springframework\data\spring-data-keyvalue\2.6.3\spring-data-keyvalue-2.6.3.jar;D:\maven\maven-repository\org\springframework\data\spring-data-commons\2.6.3\spring-data-commons-2.6.3.jar;D:\maven\maven-repository\org\springframework\spring-tx\5.3.17\spring-tx-5.3.17.jar;D:\maven\maven-repository\org\springframework\spring-oxm\5.3.17\spring-oxm-5.3.17.jar;D:\maven\maven-repository\org\springframework\spring-context-support\5.3.17\spring-context-support-5.3.17.jar;D:\maven\maven-repository\io\lettuce\lettuce-core\6.1.8.RELEASE\lettuce-core-6.1.8.RELEASE.jar;D:\maven\maven-repository\io\netty\netty-common\4.1.75.Final\netty-common-4.1.75.Final.jar;D:\maven\maven-repository\io\netty\netty-handler\4.1.75.Final\netty-handler-4.1.75.Final.jar;D:\maven\maven-repository\io\netty\netty-resolver\4.1.75.Final\netty-resolver-4.1.75.Final.jar;D:\maven\maven-repository\io\netty\netty-buffer\4.1.75.Final\netty-buffer-4.1.75.Final.jar;D:\maven\maven-repository\io\netty\netty-codec\4.1.75.Final\netty-codec-4.1.75.Final.jar;D:\maven\maven-repository\io\netty\netty-transport\4.1.75.Final\netty-transport-4.1.75.Final.jar;D:\maven\maven-repository\io\projectreactor\reactor-core\3.4.16\reactor-core-3.4.16.jar;D:\maven\maven-repository\org\reactivestreams\reactive-streams\1.0.3\reactive-streams-1.0.3.jar;D:\maven\maven-repository\com\alibaba\fastjson\1.2.83\fastjson-1.2.83.jar;D:\maven\maven-repository\io\jsonwebtoken\jjwt\0.9.1\jjwt-0.9.1.jar;D:\maven\maven-repository\com\fasterxml\jackson\core\jackson-databind\2.13.2\jackson-databind-2.13.2.jar;D:\maven\maven-repository\com\fasterxml\jackson\core\jackson-annotations\2.13.2\jackson-annotations-2.13.2.jar;D:\maven\maven-repository\com\fasterxml\jackson\core\jackson-core\2.13.2\jackson-core-2.13.2.jar;D:\maven\maven-repository\org\projectlombok\lombok\1.18.22\lombok-1.18.22.jar;D:\maven\maven-repository\org\springframework\boot\spring-boot-starter-test\2.6.5\spring-boot-starter-test-2.6.5.jar;D:\maven\maven-repository\org\springframework\boot\spring-boot-test\2.6.5\spring-boot-test-2.6.5.jar;D:\maven\maven-repository\org\springframework\boot\spring-boot-test-autoconfigure\2.6.5\spring-boot-test-autoconfigure-2.6.5.jar;D:\maven\maven-repository\com\jayway\jsonpath\json-path\2.6.0\json-path-2.6.0.jar;D:\maven\maven-repository\net\minidev\json-smart\2.4.8\json-smart-2.4.8.jar;D:\maven\maven-repository\net\minidev\accessors-smart\2.4.8\accessors-smart-2.4.8.jar;D:\maven\maven-repository\org\ow2\asm\asm\9.1\asm-9.1.jar;D:\maven\maven-repository\jakarta\xml\bind\jakarta.xml.bind-api\2.3.3\jakarta.xml.bind-api-2.3.3.jar;D:\maven\maven-repository\jakarta\activation\jakarta.activation-api\1.2.2\jakarta.activation-api-1.2.2.jar;D:\maven\maven-repository\org\assertj\assertj-core\3.21.0\assertj-core-3.21.0.jar;D:\maven\maven-repository\org\hamcrest\hamcrest\2.2\hamcrest-2.2.jar;D:\maven\maven-repository\org\junit\jupiter\junit-jupiter\5.8.2\junit-jupiter-5.8.2.jar;D:\maven\maven-repository\org\junit\jupiter\junit-jupiter-api\5.8.2\junit-jupiter-api-5.8.2.jar;D:\maven\maven-repository\org\opentest4j\opentest4j\1.2.0\opentest4j-1.2.0.jar;D:\maven\maven-repository\org\junit\platform\junit-platform-commons\1.8.2\junit-platform-commons-1.8.2.jar;D:\maven\maven-repository\org\apiguardian\apiguardian-api\1.1.2\apiguardian-api-1.1.2.jar;D:\maven\maven-repository\org\junit\jupiter\junit-jupiter-params\5.8.2\junit-jupiter-params-5.8.2.jar;D:\maven\maven-repository\org\junit\jupiter\junit-jupiter-engine\5.8.2\junit-jupiter-engine-5.8.2.jar;D:\maven\maven-repository\org\junit\platform\junit-platform-engine\1.8.2\junit-platform-engine-1.8.2.jar;D:\maven\maven-repository\org\mockito\mockito-core\4.0.0\mockito-core-4.0.0.jar;D:\maven\maven-repository\net\bytebuddy\byte-buddy\1.11.22\byte-buddy-1.11.22.jar;D:\maven\maven-repository\net\bytebuddy\byte-buddy-agent\1.11.22\byte-buddy-agent-1.11.22.jar;D:\maven\maven-repository\org\objenesis\objenesis\3.2\objenesis-3.2.jar;D:\maven\maven-repository\org\mockito\mockito-junit-jupiter\4.0.0\mockito-junit-jupiter-4.0.0.jar;D:\maven\maven-repository\org\skyscreamer\jsonassert\1.5.0\jsonassert-1.5.0.jar;D:\maven\maven-repository\com\vaadin\external\google\android-json\0.0.20131108.vaadin1\android-json-0.0.20131108.vaadin1.jar;D:\maven\maven-repository\org\springframework\spring-core\5.3.17\spring-core-5.3.17.jar;D:\maven\maven-repository\org\springframework\spring-jcl\5.3.17\spring-jcl-5.3.17.jar;D:\maven\maven-repository\org\springframework\spring-test\5.3.17\spring-test-5.3.17.jar;D:\maven\maven-repository\org\xmlunit\xmlunit-core\2.8.4\xmlunit-core-2.8.4.jar;D:\maven\maven-repository\com\qcloud\cos_api\5.6.8\cos_api-5.6.8.jar;D:\maven\maven-repository\org\apache\httpcomponents\httpclient\4.5.13\httpclient-4.5.13.jar;D:\maven\maven-repository\org\apache\httpcomponents\httpcore\4.4.15\httpcore-4.4.15.jar;D:\maven\maven-repository\org\slf4j\slf4j-api\1.7.36\slf4j-api-1.7.36.jar;D:\maven\maven-repository\commons-codec\commons-codec\1.15\commons-codec-1.15.jar;D:\maven\maven-repository\joda-time\joda-time\2.9.9\joda-time-2.9.9.jar;D:\maven\maven-repository\org\bouncycastle\bcprov-jdk15on\1.59\bcprov-jdk15on-1.59.jar;D:\maven\maven-repository\com\aizuda\aizuda-monitor\1.0.0\aizuda-monitor-1.0.0.jar;D:\maven\maven-repository\com\aizuda\aizuda-toolkit\0.0.1\aizuda-toolkit-0.0.1.jar;D:\maven\maven-repository\com\github\oshi\oshi-core\6.1.4\oshi-core-6.1.4.jar;D:\maven\maven-repository\net\java\dev\jna\jna\5.10.0\jna-5.10.0.jar;D:\maven\maven-repository\net\java\dev\jna\jna-platform\5.10.0\jna-platform-5.10.0.jar;D:\maven\maven-repository\com\github\penggle\kaptcha\2.3.2\kaptcha-2.3.2.jar;D:\maven\maven-repository\javax\servlet\javax.servlet-api\4.0.1\javax.servlet-api-4.0.1.jar;D:\maven\maven-repository\com\jhlabs\filters\2.0.235-1\filters-2.0.235-1.jar;"/>
    <property name="sun.cpu.endian" value="little"/>
    <property name="user.home" value="C:\Users\泗安"/>
    <property name="user.language" value="zh"/>
    <property name="java.specification.vendor" value="Oracle Corporation"/>
    <property name="java.home" value="C:\Users\泗安\.jdks\corretto-1.8.0_322\jre"/>
    <property name="basedir" value="E:\cms-dev\cms-server"/>
    <property name="file.separator" value="\"/>
    <property name="line.separator" value="&#10;"/>
    <property name="java.vm.specification.vendor" value="Oracle Corporation"/>
    <property name="java.specification.name" value="Java Platform API Specification"/>
    <property name="java.awt.graphicsenv" value="sun.awt.Win32GraphicsEnvironment"/>
    <property name="surefire.real.class.path" value="C:\Users\泗安\AppData\Local\Temp\surefire1528746011452917442\surefirebooter7683064880756075476.jar"/>
    <property name="sun.boot.class.path" value="C:\Users\泗安\.jdks\corretto-1.8.0_322\jre\lib\resources.jar;C:\Users\泗安\.jdks\corretto-1.8.0_322\jre\lib\rt.jar;C:\Users\泗安\.jdks\corretto-1.8.0_322\jre\lib\sunrsasign.jar;C:\Users\泗安\.jdks\corretto-1.8.0_322\jre\lib\jsse.jar;C:\Users\泗安\.jdks\corretto-1.8.0_322\jre\lib\jce.jar;C:\Users\泗安\.jdks\corretto-1.8.0_322\jre\lib\charsets.jar;C:\Users\泗安\.jdks\corretto-1.8.0_322\jre\lib\jfr.jar;C:\Users\泗安\.jdks\corretto-1.8.0_322\jre\classes"/>
    <property name="user.script" value=""/>
    <property name="sun.management.compiler" value="HotSpot 64-Bit Tiered Compilers"/>
    <property name="java.runtime.version" value="1.8.0_322-b06"/>
    <property name="user.name" value="泗安"/>
    <property name="path.separator" value=";"/>
    <property name="os.version" value="10.0"/>
    <property name="java.endorsed.dirs" value="C:\Users\泗安\.jdks\corretto-1.8.0_322\jre\lib\endorsed"/>
    <property name="java.runtime.name" value="OpenJDK Runtime Environment"/>
    <property name="file.encoding" value="GBK"/>
    <property name="java.vm.name" value="OpenJDK 64-Bit Server VM"/>
    <property name="localRepository" value="D:\maven\maven-repository"/>
    <property name="java.vendor.url.bug" value="https://github.com/corretto/corretto-8/issues/"/>
    <property name="java.io.tmpdir" value="C:\Users\泗安\AppData\Local\Temp\"/>
    <property name="idea.version" value="2021.2.4"/>
    <property name="java.version" value="1.8.0_322"/>
    <property name="user.dir" value="E:\cms-dev\cms-server"/>
    <property name="os.arch" value="amd64"/>
    <property name="java.vm.specification.name" value="Java Virtual Machine Specification"/>
    <property name="java.awt.printerjob" value="sun.awt.windows.WPrinterJob"/>
    <property name="sun.os.patch.level" value=""/>
    <property name="java.library.path" value="C:\Users\泗安\.jdks\corretto-1.8.0_322\jre\bin;C:\WINDOWS\Sun\Java\bin;C:\WINDOWS\system32;C:\WINDOWS;D:\Vmware\bin\;C:\Program Files (x86)\Common Files\Intel\Shared Libraries\redist\intel64\compiler;C:\Program Files\Common Files\Oracle\Java\javapath;C:\WINDOWS\system32;C:\WINDOWS;C:\WINDOWS\System32\Wbem;C:\WINDOWS\System32\WindowsPowerShell\v1.0\;C:\WINDOWS\System32\OpenSSH\;D:\Java\jdk1.8\bin;C:\Windows\py;D:\Java\apache-tomcat-10.0.14\bin;C:;Program Files\Git\cmd;D:\node Js\;%Android%;C:\Program Files\Microsoft SQL Server\Client SDK\ODBC\170\Tools\Binn\;C:\Program Files\Microsoft SQL Server\150\DTS\Binn\;D:\Java\neo4j\neo4j-community-4.4.6\bin;D:\Java\jdk1.8\jre\bin;D:\weixin_kaifa\微信web开发者工具\dll;D:\微信w;b开发者工具\dll;D:\;;\cmd;D:\Git;cmd;C:\Program Files\MySQL\MySQL Server 8.0\bin;D:\maven\apache-maven-3.6.3\bin;D:\Git\cmd;D:\微信web开发者工具\dll;D:\Anaconda;D:\Anaconda\Library\mingw-w64\bin;D:\Anaconda\Library\usr\bin;D:\Anaconda\Library\bin;D:\Anaconda\Scripts;C:\Program Files\MySQL\MySQL Shell 8.0\bin\;C:\Users\泗安\AppData\Local\Programs\Python\Python39\Scripts\;C:\Users\泗安\AppData\Local\Programs\Python\Python39\;C:\Users\泗安\AppData\Local\Microsoft\WindowsApps;D:\VScode\Microsoft VS Code\bin;D:\VScode\MinGW\mingw64\bin;D:\VScode\MinGW\mingw64\include;D:\Microsoft VS Code\bin;C:\Users\泗安\AppData\Roaming\npm;C:\Windows\System32;D:\Jetbrains\pycharm\PyCharm 2022.2.2\bin;;."/>
    <property name="java.vm.info" value="mixed mode"/>
    <property name="java.vendor" value="Amazon.com Inc."/>
    <property name="java.vm.version" value="25.322-b06"/>
    <property name="java.ext.dirs" value="C:\Users\泗安\.jdks\corretto-1.8.0_322\jre\lib\ext;C:\WINDOWS\Sun\Java\lib\ext"/>
    <property name="sun.io.unicode.encoding" value="UnicodeLittle"/>
    <property name="java.class.version" value="52.0"/>
  </properties>
  <testcase name="getRolesAndStatusIsNormal" classname="com.example.sstest.service.impl.RoleServiceImplTest" time="0.105"/>
</testsuite>